<?xml version="1.0" encoding="UTF-8"?>
<!-- Generated by org.testng.reporters.JUnitReportReporter -->
<testsuite hostname="DESKTOP-SPDP9HB" failures="0" tests="4" name="MyTestCases.SignUp" time="26.889" errors="0" timestamp="2024-01-31T17:54:55 TRT" skipped="0">
  <testcase classname="MyTestCases.SignUp" name="myFirstTest" time="9.305"/>
  <system-out/>
  <testcase classname="MyTestCases.SignUp" name="logoutProcess" time="1.317"/>
  <system-out/>
  <testcase classname="MyTestCases.SignUp" name="loginProcess" time="5.281"/>
  <system-out/>
  <testcase classname="MyTestCases.SignUp" name="AddOneRandomItem" time="10.986"/>
  <system-out/>
</testsuite> <!-- MyTestCases.SignUp -->
