<?xml version="1.0" encoding="UTF-8"?>
<!-- Generated by org.testng.reporters.JUnitReportReporter -->
<testsuite hostname="DESKTOP-SPDP9HB" failures="0" tests="1" name="MyTestCases.SignUp" time="10.938" errors="0" timestamp="2024-01-29T23:49:53 TRT" skipped="0">
  <testcase classname="MyTestCases.SignUp" name="myFirstTest" time="10.938"/>
  <system-out/>
</testsuite> <!-- MyTestCases.SignUp -->
